[0;32m===> Fetching rebar3_archive_plugin ({pkg,<<"rebar3_archive_plugin">>,
                                             <<"0.0.2">>})
[0m[0;32m===> Version cached at /Users/gerhard/.cache/rebar3/hex/hexpm/packages/rebar3_archive_plugin-0.0.2.tar is up to date, reusing it
[0m[0;32m===> Fetching rebar3_elvis_plugin ({git,
                                           "https://github.com/deadtrickster/rebar3_elvis_plugin.git",
                                           "master"})
[0m[0;35m===> WARNING: It is recommended to use {branch, Name}, {tag, Tag} or {ref, Ref}, otherwise updating the dep may not work as expected.
[0m[0;32m===> Fetching katana_code ({pkg,<<"katana_code">>,<<"0.1.0">>})
[0m[0;32m===> Version cached at /Users/gerhard/.cache/rebar3/hex/hexpm/packages/katana_code-0.1.0.tar is up to date, reusing it
[0m[0;32m===> Fetching zipper ({pkg,<<"zipper">>,<<"1.0.1">>})
[0m[0;32m===> Version cached at /Users/gerhard/.cache/rebar3/hex/hexpm/packages/zipper-1.0.1.tar is up to date, reusing it
[0m[0;32m===> Fetching aleppo ({pkg,<<"inaka_aleppo">>,<<"1.0.0">>})
[0m[0;32m===> Version cached at /Users/gerhard/.cache/rebar3/hex/hexpm/packages/inaka_aleppo-1.0.0.tar is up to date, reusing it
[0m[0;32m===> Compiling aleppo
[0m_build/default/plugins/aleppo/src/aleppo.erl:6: Warning: record ale_context has field(s) without type information
_build/default/plugins/aleppo/src/aleppo.erl:12: Warning: missing specification for function process_file/1
_build/default/plugins/aleppo/src/aleppo.erl:15: Warning: missing specification for function process_file/2
_build/default/plugins/aleppo/src/aleppo.erl:25: Warning: missing specification for function process_tokens/1
_build/default/plugins/aleppo/src/aleppo.erl:32: Warning: missing specification for function process_tokens/2
_build/default/plugins/aleppo/src/aleppo.erl:307: Warning: missing specification for function scan_file/1

[0;32m===> Compiling zipper
[0m[0;32m===> Compiling katana_code
[0m[0;32m===> Compiling rebar3_elvis_plugin
[0m[0;32m===> Compiling rebar3_archive_plugin
[0m[0;32m===> Verifying dependencies...
[0m[0;32m===> Compiling prometheus_rabbitmq_exporter
[0m[0;31m===> [1mCompiling src/collectors/prometheus_rabbitmq_overview_collector.erl failed
[0m[0msrc/collectors/prometheus_rabbitmq_overview_collector.erl:19: can't find include file "prometheus_rabbitmq_exporter.hrl"
src/collectors/prometheus_rabbitmq_overview_collector.erl:114: undefined macro 'NO_RANGE'
src/collectors/prometheus_rabbitmq_overview_collector.erl:146: undefined macro 'METRIC_NAME/1'
src/collectors/prometheus_rabbitmq_overview_collector.erl:156: undefined macro 'METRIC_NAME/1'
src/collectors/prometheus_rabbitmq_overview_collector.erl:186: undefined macro 'METRIC_NAME/1'
src/collectors/prometheus_rabbitmq_overview_collector.erl:210: undefined macro 'METRIC_NAME/1'

src/collectors/prometheus_rabbitmq_overview_collector.erl:2: function collect_mf/2 undefined

src/collectors/prometheus_rabbitmq_overview_collector.erl:20: Warning: behaviour prometheus_collector undefined
src/collectors/prometheus_rabbitmq_overview_collector.erl:163: Warning: function connections_loop/2 is unused
src/collectors/prometheus_rabbitmq_overview_collector.erl:229: Warning: function create_counter/3 is unused
src/collectors/prometheus_rabbitmq_overview_collector.erl:246: Warning: function catch_boolean/1 is unused

